
     Program THERMO_PW v.7.3 starts on  5May2025 at 18:45:16 

     This program is part of the open-source Quantum ESPRESSO suite
     for quantum simulation of materials; please cite
         "P. Giannozzi et al., J. Phys.:Condens. Matter 21 395502 (2009);
         "P. Giannozzi et al., J. Phys.:Condens. Matter 29 465901 (2017);
         "P. Giannozzi et al., J. Chem. Phys. 152 154105 (2020);
          URL http://www.quantum-espresso.org", 
     in publications or presentations arising from this work. More details at
     http://www.quantum-espresso.org/quote

     Parallel version (MPI), running on    20 processors

     MPI processes distributed on     1 nodes
     R & G space division:  proc/nbgrp/npool/nimage =      20
     27126 MiB available memory on the printing compute node when the environment starts

     Reading input from _temporary_1
     file Ba.pbesol-spn-kjpaw_psl.1.0.0.UPF: wavefunction(s)  5S 6S renormalized
     file O.pbesol-n-kjpaw_psl.0.1.UPF: wavefunction(s)  2P renormalized

   Info: using nr1, nr2, nr3 values from input


     Plotting the Brillouin Zone and k point path

     FFT mesh: (   54,   54,   54 )

     Bravais lattice:

     ibrav=  1: simple cubic
     Cell parameters:

     alat=   8.436550 a.u.


     Starting primitive lattice vectors:
     crystal axes: (cart. coord. in units of alat)

               a(1) = (   1.000000   0.000000   0.000000 )  
               a(2) = (   0.000000   1.000000   0.000000 )  
               a(3) = (   0.000000   0.000000   1.000000 )  

     Starting reciprocal lattice vectors:
     reciprocal axes: (cart. coord. in units 2 pi/alat)

               b(1) = (  1.000000  0.000000  0.000000 )  
               b(2) = (  0.000000  1.000000  0.000000 )  
               b(3) = (  0.000000  0.000000  1.000000 )  

     Starting atomic positions in Cartesian axes:

     site n.     atom                  positions (alat units)
         1        Ba     tau(   1) = (   0.0000000   0.0000000   0.0000000  )
         2        Ca     tau(   2) = (   0.4999996   0.4999996   0.4999996  )
         3        O      tau(   3) = (   0.4999996   0.4999996   0.0000000  )
         4        O      tau(   4) = (   0.4999996   0.0000000   0.4999996  )
         5        O      tau(   5) = (   0.0000000   0.4999996   0.4999996  )

     Starting atomic positions in crystallographic axes:

     site n.     atom                  positions (cryst. coord.)
         1        Ba     tau(   1) = (  0.0000000  0.0000000  0.0000000  )
         2        Ca     tau(   2) = (  0.4999996  0.4999996  0.4999996  )
         3        O      tau(   3) = (  0.4999996  0.4999996  0.0000000  )
         4        O      tau(   4) = (  0.4999996  0.0000000  0.4999996  )
         5        O      tau(   5) = (  0.0000000  0.4999996  0.4999996  )

     The point group 136 O_h (m-3m) is compatible with the Bravais lattice.

     The rotation matrices with the order used inside thermo_pw are:

     48 Sym. Ops., with inversion, found


                          s                  frac. trans.

      isym =  1     identity                                     

 cryst.   s( 1) = (  1    0    0   )
                  (  0    1    0   )
                  (  0    0    1   )

 cart.    s( 1) = (  1.000  0.000  0.000 )
                  (  0.000  1.000  0.000 )
                  (  0.000  0.000  1.000 )


      isym =  2     180 deg rotation - cart. axis [0,0,1]        

 cryst.   s( 2) = ( -1    0    0   )
                  (  0   -1    0   )
                  (  0    0    1   )

 cart.    s( 2) = ( -1.000  0.000  0.000 )
                  (  0.000 -1.000  0.000 )
                  (  0.000  0.000  1.000 )


      isym =  3     180 deg rotation - cart. axis [0,1,0]        

 cryst.   s( 3) = ( -1    0    0   )
                  (  0    1    0   )
                  (  0    0   -1   )

 cart.    s( 3) = ( -1.000  0.000  0.000 )
                  (  0.000  1.000  0.000 )
                  (  0.000  0.000 -1.000 )


      isym =  4     180 deg rotation - cart. axis [1,0,0]        

 cryst.   s( 4) = (  1    0    0   )
                  (  0   -1    0   )
                  (  0    0   -1   )

 cart.    s( 4) = (  1.000  0.000  0.000 )
                  (  0.000 -1.000  0.000 )
                  (  0.000  0.000 -1.000 )


      isym =  5     180 deg rotation - cart. axis [1,1,0]        

 cryst.   s( 5) = (  0    1    0   )
                  (  1    0    0   )
                  (  0    0   -1   )

 cart.    s( 5) = (  0.000  1.000  0.000 )
                  (  1.000  0.000  0.000 )
                  (  0.000  0.000 -1.000 )


      isym =  6     180 deg rotation - cart. axis [1,-1,0]       

 cryst.   s( 6) = (  0   -1    0   )
                  ( -1    0    0   )
                  (  0    0   -1   )

 cart.    s( 6) = (  0.000 -1.000  0.000 )
                  ( -1.000  0.000  0.000 )
                  (  0.000  0.000 -1.000 )


      isym =  7      90 deg rotation - cart. axis [0,0,-1]       

 cryst.   s( 7) = (  0   -1    0   )
                  (  1    0    0   )
                  (  0    0    1   )

 cart.    s( 7) = (  0.000  1.000  0.000 )
                  ( -1.000  0.000  0.000 )
                  (  0.000  0.000  1.000 )


      isym =  8      90 deg rotation - cart. axis [0,0,1]        

 cryst.   s( 8) = (  0    1    0   )
                  ( -1    0    0   )
                  (  0    0    1   )

 cart.    s( 8) = (  0.000 -1.000  0.000 )
                  (  1.000  0.000  0.000 )
                  (  0.000  0.000  1.000 )


      isym =  9     180 deg rotation - cart. axis [1,0,1]        

 cryst.   s( 9) = (  0    0    1   )
                  (  0   -1    0   )
                  (  1    0    0   )

 cart.    s( 9) = (  0.000  0.000  1.000 )
                  (  0.000 -1.000  0.000 )
                  (  1.000  0.000  0.000 )


      isym = 10     180 deg rotation - cart. axis [-1,0,1]       

 cryst.   s(10) = (  0    0   -1   )
                  (  0   -1    0   )
                  ( -1    0    0   )

 cart.    s(10) = (  0.000  0.000 -1.000 )
                  (  0.000 -1.000  0.000 )
                  ( -1.000  0.000  0.000 )


      isym = 11      90 deg rotation - cart. axis [0,1,0]        

 cryst.   s(11) = (  0    0   -1   )
                  (  0    1    0   )
                  (  1    0    0   )

 cart.    s(11) = (  0.000  0.000  1.000 )
                  (  0.000  1.000  0.000 )
                  ( -1.000  0.000  0.000 )


      isym = 12      90 deg rotation - cart. axis [0,-1,0]       

 cryst.   s(12) = (  0    0    1   )
                  (  0    1    0   )
                  ( -1    0    0   )

 cart.    s(12) = (  0.000  0.000 -1.000 )
                  (  0.000  1.000  0.000 )
                  (  1.000  0.000  0.000 )


      isym = 13     180 deg rotation - cart. axis [0,1,1]        

 cryst.   s(13) = ( -1    0    0   )
                  (  0    0    1   )
                  (  0    1    0   )

 cart.    s(13) = ( -1.000  0.000  0.000 )
                  (  0.000  0.000  1.000 )
                  (  0.000  1.000  0.000 )


      isym = 14     180 deg rotation - cart. axis [0,1,-1]       

 cryst.   s(14) = ( -1    0    0   )
                  (  0    0   -1   )
                  (  0   -1    0   )

 cart.    s(14) = ( -1.000  0.000  0.000 )
                  (  0.000  0.000 -1.000 )
                  (  0.000 -1.000  0.000 )


      isym = 15      90 deg rotation - cart. axis [-1,0,0]       

 cryst.   s(15) = (  1    0    0   )
                  (  0    0   -1   )
                  (  0    1    0   )

 cart.    s(15) = (  1.000  0.000  0.000 )
                  (  0.000  0.000  1.000 )
                  (  0.000 -1.000  0.000 )


      isym = 16      90 deg rotation - cart. axis [1,0,0]        

 cryst.   s(16) = (  1    0    0   )
                  (  0    0    1   )
                  (  0   -1    0   )

 cart.    s(16) = (  1.000  0.000  0.000 )
                  (  0.000  0.000 -1.000 )
                  (  0.000  1.000  0.000 )


      isym = 17     120 deg rotation - cart. axis [-1,-1,-1]     

 cryst.   s(17) = (  0    0    1   )
                  (  1    0    0   )
                  (  0    1    0   )

 cart.    s(17) = (  0.000  1.000  0.000 )
                  (  0.000  0.000  1.000 )
                  (  1.000  0.000  0.000 )


      isym = 18     120 deg rotation - cart. axis [-1,1,1]       

 cryst.   s(18) = (  0    0   -1   )
                  ( -1    0    0   )
                  (  0    1    0   )

 cart.    s(18) = (  0.000 -1.000  0.000 )
                  (  0.000  0.000  1.000 )
                  ( -1.000  0.000  0.000 )


      isym = 19     120 deg rotation - cart. axis [1,1,-1]       

 cryst.   s(19) = (  0    0   -1   )
                  (  1    0    0   )
                  (  0   -1    0   )

 cart.    s(19) = (  0.000  1.000  0.000 )
                  (  0.000  0.000 -1.000 )
                  ( -1.000  0.000  0.000 )


      isym = 20     120 deg rotation - cart. axis [1,-1,1]       

 cryst.   s(20) = (  0    0    1   )
                  ( -1    0    0   )
                  (  0   -1    0   )

 cart.    s(20) = (  0.000 -1.000  0.000 )
                  (  0.000  0.000 -1.000 )
                  (  1.000  0.000  0.000 )


      isym = 21     120 deg rotation - cart. axis [1,1,1]        

 cryst.   s(21) = (  0    1    0   )
                  (  0    0    1   )
                  (  1    0    0   )

 cart.    s(21) = (  0.000  0.000  1.000 )
                  (  1.000  0.000  0.000 )
                  (  0.000  1.000  0.000 )


      isym = 22     120 deg rotation - cart. axis [-1,1,-1]      

 cryst.   s(22) = (  0   -1    0   )
                  (  0    0   -1   )
                  (  1    0    0   )

 cart.    s(22) = (  0.000  0.000  1.000 )
                  ( -1.000  0.000  0.000 )
                  (  0.000 -1.000  0.000 )


      isym = 23     120 deg rotation - cart. axis [1,-1,-1]      

 cryst.   s(23) = (  0   -1    0   )
                  (  0    0    1   )
                  ( -1    0    0   )

 cart.    s(23) = (  0.000  0.000 -1.000 )
                  ( -1.000  0.000  0.000 )
                  (  0.000  1.000  0.000 )


      isym = 24     120 deg rotation - cart. axis [-1,-1,1]      

 cryst.   s(24) = (  0    1    0   )
                  (  0    0   -1   )
                  ( -1    0    0   )

 cart.    s(24) = (  0.000  0.000 -1.000 )
                  (  1.000  0.000  0.000 )
                  (  0.000 -1.000  0.000 )


      isym = 25     inversion                                    

 cryst.   s(25) = ( -1    0    0   )
                  (  0   -1    0   )
                  (  0    0   -1   )

 cart.    s(25) = ( -1.000  0.000  0.000 )
                  (  0.000 -1.000  0.000 )
                  (  0.000  0.000 -1.000 )


      isym = 26     inv. 180 deg rotation - cart. axis [0,0,1]   

 cryst.   s(26) = (  1    0    0   )
                  (  0    1    0   )
                  (  0    0   -1   )

 cart.    s(26) = (  1.000  0.000  0.000 )
                  (  0.000  1.000  0.000 )
                  (  0.000  0.000 -1.000 )


      isym = 27     inv. 180 deg rotation - cart. axis [0,1,0]   

 cryst.   s(27) = (  1    0    0   )
                  (  0   -1    0   )
                  (  0    0    1   )

 cart.    s(27) = (  1.000  0.000  0.000 )
                  (  0.000 -1.000  0.000 )
                  (  0.000  0.000  1.000 )


      isym = 28     inv. 180 deg rotation - cart. axis [1,0,0]   

 cryst.   s(28) = ( -1    0    0   )
                  (  0    1    0   )
                  (  0    0    1   )

 cart.    s(28) = ( -1.000  0.000  0.000 )
                  (  0.000  1.000  0.000 )
                  (  0.000  0.000  1.000 )


      isym = 29     inv. 180 deg rotation - cart. axis [1,1,0]   

 cryst.   s(29) = (  0   -1    0   )
                  ( -1    0    0   )
                  (  0    0    1   )

 cart.    s(29) = (  0.000 -1.000  0.000 )
                  ( -1.000  0.000  0.000 )
                  (  0.000  0.000  1.000 )


      isym = 30     inv. 180 deg rotation - cart. axis [1,-1,0]  

 cryst.   s(30) = (  0    1    0   )
                  (  1    0    0   )
                  (  0    0    1   )

 cart.    s(30) = (  0.000  1.000  0.000 )
                  (  1.000  0.000  0.000 )
                  (  0.000  0.000  1.000 )


      isym = 31     inv.  90 deg rotation - cart. axis [0,0,-1]  

 cryst.   s(31) = (  0    1    0   )
                  ( -1    0    0   )
                  (  0    0   -1   )

 cart.    s(31) = (  0.000 -1.000  0.000 )
                  (  1.000  0.000  0.000 )
                  (  0.000  0.000 -1.000 )


      isym = 32     inv.  90 deg rotation - cart. axis [0,0,1]   

 cryst.   s(32) = (  0   -1    0   )
                  (  1    0    0   )
                  (  0    0   -1   )

 cart.    s(32) = (  0.000  1.000  0.000 )
                  ( -1.000  0.000  0.000 )
                  (  0.000  0.000 -1.000 )


      isym = 33     inv. 180 deg rotation - cart. axis [1,0,1]   

 cryst.   s(33) = (  0    0   -1   )
                  (  0    1    0   )
                  ( -1    0    0   )

 cart.    s(33) = (  0.000  0.000 -1.000 )
                  (  0.000  1.000  0.000 )
                  ( -1.000  0.000  0.000 )


      isym = 34     inv. 180 deg rotation - cart. axis [-1,0,1]  

 cryst.   s(34) = (  0    0    1   )
                  (  0    1    0   )
                  (  1    0    0   )

 cart.    s(34) = (  0.000  0.000  1.000 )
                  (  0.000  1.000  0.000 )
                  (  1.000  0.000  0.000 )


      isym = 35     inv.  90 deg rotation - cart. axis [0,1,0]   

 cryst.   s(35) = (  0    0    1   )
                  (  0   -1    0   )
                  ( -1    0    0   )

 cart.    s(35) = (  0.000  0.000 -1.000 )
                  (  0.000 -1.000  0.000 )
                  (  1.000  0.000  0.000 )


      isym = 36     inv.  90 deg rotation - cart. axis [0,-1,0]  

 cryst.   s(36) = (  0    0   -1   )
                  (  0   -1    0   )
                  (  1    0    0   )

 cart.    s(36) = (  0.000  0.000  1.000 )
                  (  0.000 -1.000  0.000 )
                  ( -1.000  0.000  0.000 )


      isym = 37     inv. 180 deg rotation - cart. axis [0,1,1]   

 cryst.   s(37) = (  1    0    0   )
                  (  0    0   -1   )
                  (  0   -1    0   )

 cart.    s(37) = (  1.000  0.000  0.000 )
                  (  0.000  0.000 -1.000 )
                  (  0.000 -1.000  0.000 )


      isym = 38     inv. 180 deg rotation - cart. axis [0,1,-1]  

 cryst.   s(38) = (  1    0    0   )
                  (  0    0    1   )
                  (  0    1    0   )

 cart.    s(38) = (  1.000  0.000  0.000 )
                  (  0.000  0.000  1.000 )
                  (  0.000  1.000  0.000 )


      isym = 39     inv.  90 deg rotation - cart. axis [-1,0,0]  

 cryst.   s(39) = ( -1    0    0   )
                  (  0    0    1   )
                  (  0   -1    0   )

 cart.    s(39) = ( -1.000  0.000  0.000 )
                  (  0.000  0.000 -1.000 )
                  (  0.000  1.000  0.000 )


      isym = 40     inv.  90 deg rotation - cart. axis [1,0,0]   

 cryst.   s(40) = ( -1    0    0   )
                  (  0    0   -1   )
                  (  0    1    0   )

 cart.    s(40) = ( -1.000  0.000  0.000 )
                  (  0.000  0.000  1.000 )
                  (  0.000 -1.000  0.000 )


      isym = 41     inv. 120 deg rotation - cart. axis [-1,-1,-1]

 cryst.   s(41) = (  0    0   -1   )
                  ( -1    0    0   )
                  (  0   -1    0   )

 cart.    s(41) = (  0.000 -1.000  0.000 )
                  (  0.000  0.000 -1.000 )
                  ( -1.000  0.000  0.000 )


      isym = 42     inv. 120 deg rotation - cart. axis [-1,1,1]  

 cryst.   s(42) = (  0    0    1   )
                  (  1    0    0   )
                  (  0   -1    0   )

 cart.    s(42) = (  0.000  1.000  0.000 )
                  (  0.000  0.000 -1.000 )
                  (  1.000  0.000  0.000 )


      isym = 43     inv. 120 deg rotation - cart. axis [1,1,-1]  

 cryst.   s(43) = (  0    0    1   )
                  ( -1    0    0   )
                  (  0    1    0   )

 cart.    s(43) = (  0.000 -1.000  0.000 )
                  (  0.000  0.000  1.000 )
                  (  1.000  0.000  0.000 )


      isym = 44     inv. 120 deg rotation - cart. axis [1,-1,1]  

 cryst.   s(44) = (  0    0   -1   )
                  (  1    0    0   )
                  (  0    1    0   )

 cart.    s(44) = (  0.000  1.000  0.000 )
                  (  0.000  0.000  1.000 )
                  ( -1.000  0.000  0.000 )


      isym = 45     inv. 120 deg rotation - cart. axis [1,1,1]   

 cryst.   s(45) = (  0   -1    0   )
                  (  0    0   -1   )
                  ( -1    0    0   )

 cart.    s(45) = (  0.000  0.000 -1.000 )
                  ( -1.000  0.000  0.000 )
                  (  0.000 -1.000  0.000 )


      isym = 46     inv. 120 deg rotation - cart. axis [-1,1,-1] 

 cryst.   s(46) = (  0    1    0   )
                  (  0    0    1   )
                  ( -1    0    0   )

 cart.    s(46) = (  0.000  0.000 -1.000 )
                  (  1.000  0.000  0.000 )
                  (  0.000  1.000  0.000 )


      isym = 47     inv. 120 deg rotation - cart. axis [1,-1,-1] 

 cryst.   s(47) = (  0    1    0   )
                  (  0    0   -1   )
                  (  1    0    0   )

 cart.    s(47) = (  0.000  0.000  1.000 )
                  (  1.000  0.000  0.000 )
                  (  0.000 -1.000  0.000 )


      isym = 48     inv. 120 deg rotation - cart. axis [-1,-1,1] 

 cryst.   s(48) = (  0   -1    0   )
                  (  0    0    1   )
                  (  1    0    0   )

 cart.    s(48) = (  0.000  0.000  1.000 )
                  ( -1.000  0.000  0.000 )
                  (  0.000  1.000  0.000 )


     point group O_h (m-3m) 
     there are 10 classes
     the character table:

       E     8C3   3C2   6C4   6C2'  i     8S6   3s_h  6S4   6s_d 
A_1g   1.00  1.00  1.00  1.00  1.00  1.00  1.00  1.00  1.00  1.00
A_2g   1.00  1.00  1.00 -1.00 -1.00  1.00  1.00  1.00 -1.00 -1.00
E_g    2.00 -1.00  2.00  0.00  0.00  2.00 -1.00  2.00  0.00  0.00
T_1g   3.00  0.00 -1.00  1.00 -1.00  3.00  0.00 -1.00  1.00 -1.00
T_2g   3.00  0.00 -1.00 -1.00  1.00  3.00  0.00 -1.00 -1.00  1.00
A_1u   1.00  1.00  1.00  1.00  1.00 -1.00 -1.00 -1.00 -1.00 -1.00
A_2u   1.00  1.00  1.00 -1.00 -1.00 -1.00 -1.00 -1.00  1.00  1.00
E_u    2.00 -1.00  2.00  0.00  0.00 -2.00  1.00 -2.00  0.00  0.00
T_1u   3.00  0.00 -1.00  1.00 -1.00 -3.00  0.00  1.00 -1.00  1.00
T_2u   3.00  0.00 -1.00 -1.00  1.00 -3.00  0.00  1.00  1.00 -1.00

     the symmetry operations in each class and the name of the first element:

     E        1
          identity                                               
     8C3     17   19   20   18   24   21   22   23
          120 deg rotation - cart. axis [-1,-1,-1]               
     3C2      2    4    3
          180 deg rotation - cart. axis [0,0,1]                  
     6C4      7    8   15   16   12   11
           90 deg rotation - cart. axis [0,0,-1]                 
     6C2'     5    6   14   13   10    9
          180 deg rotation - cart. axis [1,1,0]                  
     i       25
          inversion                                              
     8S6     41   43   44   42   48   45   46   47
          inv. 120 deg rotation - cart. axis [-1,-1,-1]          
     3s_h    26   28   27
          inv. 180 deg rotation - cart. axis [0,0,1]             
     6S4     31   32   39   40   36   35
          inv.  90 deg rotation - cart. axis [0,0,-1]            
     6s_d    29   30   38   37   34   33
          inv. 180 deg rotation - cart. axis [1,1,0]             

     Space group identification,  48 symmetries:

     Bravais lattice   1  simple cubic                            
     Point group number  32 / 136  O_h (m-3m)

     Nonsymmorphic operations not found: All fractional translations vanish
     Symmetries of the point group in standard order

        1       E   1
        2      2x   4
        3      2y   3
        4      2z   2
        5    3xyz  21
        6  3x-y-z  23
        7  3-xy-z  22
        8  3-x-yz  24
        9 3-x-y-z  17
       10   3-xyz  18
       11   3x-yz  20
       12   3xy-z  19
       13     4-x  15
       14      4x  16
       15     4-y  12
       16      4y  11
       17     4-z   7
       18      4z   8
       19    2y-z  14
       20     2yz  13
       21    2x-z  10
       22     2xz   9
       23    2x-y   6
       24     2xy   5
       25       i  33
       26     i2x  36
       27     i2y  35
       28     i2z  34
       29   i3xyz  53
       30 i3x-y-z  55
       31 i3-xy-z  54
       32 i3-x-yz  56
       33i3-x-y-z  49
       34  i3-xyz  50
       35  i3x-yz  52
       36  i3xy-z  51
       37    i4-x  47
       38     i4x  48
       39    i4-y  44
       40     i4y  43
       41    i4-z  39
       42     i4z  40
       43   i2y-z  46
       44    i2yz  45
       45   i2x-z  42
       46    i2xz  41
       47   i2x-y  38
       48    i2xy  37


     Space group number  221

     Space group Pm-3m   (group number 221).
     The origin coincides with the ITA tables.

     This solid has inversion symmetry.
     First-rank tensors, such as the spontaneous polarization, vanish.

     Second-rank tensors, such as the dielectric
     tensor or the thermal expansion, have the form:

     ( e11   .    .  )
     (  .   e11   .  )
     (  .    .   e11 )

     The piezoelectric tensor, defined as the derivative of the polarization 
     with respect to strain (in zero electric field) is:

     Solid with inversion symmetry.
     Third-rank tensors, such as the piezoelectic tensor, vanish.

     The Laue class is O_h (m-3m) 

     In this class the elastic tensor is

     ( c11  c12  c12   .    .    .  )
     ( c12  c11  c12   .    .    .  )
     ( c12  c12  c11   .    .    .  )
     (  .    .    .   c44   .    .  )
     (  .    .    .    .   c44   .  )
     (  .    .    .    .    .   c44 )

     It requires two strains: e1 and e4
     for a total of  8 scf calculations

     ----------------------------------------------------------------------
     Ions are relaxed in each calculation
     ----------------------------------------------------------------------

     Total mass of this unit cell        225.4032 a.m.u.
     Density of this solid                4206.41 kg/m^3         4.2064 g/cm^3

     Brillouin zone type    1


     Computing the X-ray powder diffraction intensities
 Warning: Atomic name not recognized:  .This atom will not scatter X-ray
 Warning: Atomic name not recognized:  .This atom will not scatter X-ray
 Warning: Atomic name not recognized:  .This atom will not scatter X-ray
 Warning: Atomic name not recognized:  .This atom will not scatter X-ray
 Warning: Atomic name not recognized:  .This atom will not scatter X-ray
 Warning: Atomic name not recognized:  .This atom will not scatter X-ray
 Warning: Atomic name not recognized:  .This atom will not scatter X-ray
 Warning: Atomic name not recognized:  .This atom will not scatter X-ray
 Warning: Atomic name not recognized:  .This atom will not scatter X-ray
 Warning: Atomic name not recognized:  .This atom will not scatter X-ray
 Warning: Atomic name not recognized:  .This atom will not scatter X-ray
 Warning: Atomic name not recognized:  .This atom will not scatter X-ray
 Warning: Atomic name not recognized:  .This atom will not scatter X-ray
 Warning: Atomic name not recognized:  .This atom will not scatter X-ray
 Warning: Atomic name not recognized:  .This atom will not scatter X-ray
 Warning: Atomic name not recognized:  .This atom will not scatter X-ray
 Warning: Atomic name not recognized:  .This atom will not scatter X-ray
 Warning: Atomic name not recognized:  .This atom will not scatter X-ray
 Warning: Atomic name not recognized:  .This atom will not scatter X-ray
 Warning: Atomic name not recognized:  .This atom will not scatter X-ray
 Warning: Atomic name not recognized:  .This atom will not scatter X-ray
 Warning: Atomic name not recognized:  .This atom will not scatter X-ray
 Warning: Atomic name not recognized:  .This atom will not scatter X-ray
 Warning: Atomic name not recognized:  .This atom will not scatter X-ray
 Warning: Atomic name not recognized:  .This atom will not scatter X-ray
 Warning: Atomic name not recognized:  .This atom will not scatter X-ray
 Warning: Atomic name not recognized:  .This atom will not scatter X-ray
 Warning: Atomic name not recognized:  .This atom will not scatter X-ray
 Warning: Atomic name not recognized:  .This atom will not scatter X-ray
 Warning: Atomic name not recognized:  .This atom will not scatter X-ray
 Warning: Atomic name not recognized:  .This atom will not scatter X-ray
 Warning: Atomic name not recognized:  .This atom will not scatter X-ray
 Warning: Atomic name not recognized:  .This atom will not scatter X-ray
 Warning: Atomic name not recognized:  .This atom will not scatter X-ray
 Warning: Atomic name not recognized:  .This atom will not scatter X-ray
 Warning: Atomic name not recognized:  .This atom will not scatter X-ray
 Warning: Atomic name not recognized:  .This atom will not scatter X-ray
 Warning: Atomic name not recognized:  .This atom will not scatter X-ray
 Warning: Atomic name not recognized:  .This atom will not scatter X-ray
 Warning: Atomic name not recognized:  .This atom will not scatter X-ray
 Warning: Atomic name not recognized:  .This atom will not scatter X-ray
 Warning: Atomic name not recognized:  .This atom will not scatter X-ray
 Warning: Atomic name not recognized:  .This atom will not scatter X-ray
 Warning: Atomic name not recognized:  .This atom will not scatter X-ray
 Warning: Atomic name not recognized:  .This atom will not scatter X-ray
 Warning: Atomic name not recognized:  .This atom will not scatter X-ray
 Warning: Atomic name not recognized:  .This atom will not scatter X-ray
 Warning: Atomic name not recognized:  .This atom will not scatter X-ray
 Warning: Atomic name not recognized:  .This atom will not scatter X-ray
 Warning: Atomic name not recognized:  .This atom will not scatter X-ray
 Warning: Atomic name not recognized:  .This atom will not scatter X-ray
 Warning: Atomic name not recognized:  .This atom will not scatter X-ray
 Warning: Atomic name not recognized:  .This atom will not scatter X-ray
 Warning: Atomic name not recognized:  .This atom will not scatter X-ray
 Warning: Atomic name not recognized:  .This atom will not scatter X-ray
 Warning: Atomic name not recognized:  .This atom will not scatter X-ray
 Warning: Atomic name not recognized:  .This atom will not scatter X-ray
 Warning: Atomic name not recognized:  .This atom will not scatter X-ray
 Warning: Atomic name not recognized:  .This atom will not scatter X-ray
 Warning: Atomic name not recognized:  .This atom will not scatter X-ray
 Warning: Atomic name not recognized:  .This atom will not scatter X-ray
 Warning: Atomic name not recognized:  .This atom will not scatter X-ray
 Warning: Atomic name not recognized:  .This atom will not scatter X-ray
 Warning: Atomic name not recognized:  .This atom will not scatter X-ray
 Warning: Atomic name not recognized:  .This atom will not scatter X-ray
 Warning: Atomic name not recognized:  .This atom will not scatter X-ray
 Warning: Atomic name not recognized:  .This atom will not scatter X-ray
 Warning: Atomic name not recognized:  .This atom will not scatter X-ray
 Warning: Atomic name not recognized:  .This atom will not scatter X-ray
 Warning: Atomic name not recognized:  .This atom will not scatter X-ray
 Warning: Atomic name not recognized:  .This atom will not scatter X-ray
 Warning: Atomic name not recognized:  .This atom will not scatter X-ray
 Warning: Atomic name not recognized:  .This atom will not scatter X-ray
 Warning: Atomic name not recognized:  .This atom will not scatter X-ray
 Warning: Atomic name not recognized:  .This atom will not scatter X-ray
 Warning: Atomic name not recognized:  .This atom will not scatter X-ray
 Warning: Atomic name not recognized:  .This atom will not scatter X-ray
 Warning: Atomic name not recognized:  .This atom will not scatter X-ray
 Warning: Atomic name not recognized:  .This atom will not scatter X-ray
 Warning: Atomic name not recognized:  .This atom will not scatter X-ray
 Warning: Atomic name not recognized:  .This atom will not scatter X-ray
 Warning: Atomic name not recognized:  .This atom will not scatter X-ray
 Warning: Atomic name not recognized:  .This atom will not scatter X-ray
 Warning: Atomic name not recognized:  .This atom will not scatter X-ray
 Warning: Atomic name not recognized:  .This atom will not scatter X-ray
 Warning: Atomic name not recognized:  .This atom will not scatter X-ray
 Warning: Atomic name not recognized:  .This atom will not scatter X-ray
 Warning: Atomic name not recognized:  .This atom will not scatter X-ray
 Warning: Atomic name not recognized:  .This atom will not scatter X-ray
 Warning: Atomic name not recognized:  .This atom will not scatter X-ray
 Warning: Atomic name not recognized:  .This atom will not scatter X-ray
 Warning: Atomic name not recognized:  .This atom will not scatter X-ray
 Warning: Atomic name not recognized:  .This atom will not scatter X-ray
 Warning: Atomic name not recognized:  .This atom will not scatter X-ray
 Warning: Atomic name not recognized:  .This atom will not scatter X-ray
 Warning: Atomic name not recognized:  .This atom will not scatter X-ray
 Warning: Atomic name not recognized:  .This atom will not scatter X-ray
 Warning: Atomic name not recognized:  .This atom will not scatter X-ray
 Warning: Atomic name not recognized:  .This atom will not scatter X-ray
 Warning: Atomic name not recognized:  .This atom will not scatter X-ray
 Warning: Atomic name not recognized:  .This atom will not scatter X-ray
 Warning: Atomic name not recognized:  .This atom will not scatter X-ray
 Warning: Atomic name not recognized:  .This atom will not scatter X-ray
 Warning: Atomic name not recognized:  .This atom will not scatter X-ray
 Warning: Atomic name not recognized:  .This atom will not scatter X-ray
 Warning: Atomic name not recognized:  .This atom will not scatter X-ray
 Warning: Atomic name not recognized:  .This atom will not scatter X-ray
 Warning: Atomic name not recognized:  .This atom will not scatter X-ray
 Warning: Atomic name not recognized:  .This atom will not scatter X-ray
 Warning: Atomic name not recognized:  .This atom will not scatter X-ray
 Warning: Atomic name not recognized:  .This atom will not scatter X-ray
 Warning: Atomic name not recognized:  .This atom will not scatter X-ray
 Warning: Atomic name not recognized:  .This atom will not scatter X-ray
 Warning: Atomic name not recognized:  .This atom will not scatter X-ray
 Warning: Atomic name not recognized:  .This atom will not scatter X-ray
 Warning: Atomic name not recognized:  .This atom will not scatter X-ray
 Warning: Atomic name not recognized:  .This atom will not scatter X-ray
 Warning: Atomic name not recognized:  .This atom will not scatter X-ray
 Warning: Atomic name not recognized:  .This atom will not scatter X-ray
 Warning: Atomic name not recognized:  .This atom will not scatter X-ray
 Warning: Atomic name not recognized:  .This atom will not scatter X-ray
 Warning: Atomic name not recognized:  .This atom will not scatter X-ray
 Warning: Atomic name not recognized:  .This atom will not scatter X-ray
 Warning: Atomic name not recognized:  .This atom will not scatter X-ray
 Warning: Atomic name not recognized:  .This atom will not scatter X-ray
 Warning: Atomic name not recognized:  .This atom will not scatter X-ray
 Warning: Atomic name not recognized:  .This atom will not scatter X-ray
 Warning: Atomic name not recognized:  .This atom will not scatter X-ray
 Warning: Atomic name not recognized:  .This atom will not scatter X-ray
 Warning: Atomic name not recognized:  .This atom will not scatter X-ray
 Warning: Atomic name not recognized:  .This atom will not scatter X-ray
 Warning: Atomic name not recognized:  .This atom will not scatter X-ray
 Warning: Atomic name not recognized:  .This atom will not scatter X-ray
 Warning: Atomic name not recognized:  .This atom will not scatter X-ray
 Warning: Atomic name not recognized:  .This atom will not scatter X-ray
 Warning: Atomic name not recognized:  .This atom will not scatter X-ray
 Warning: Atomic name not recognized:  .This atom will not scatter X-ray
 Warning: Atomic name not recognized:  .This atom will not scatter X-ray
 Warning: Atomic name not recognized:  .This atom will not scatter X-ray
 Warning: Atomic name not recognized:  .This atom will not scatter X-ray
 Warning: Atomic name not recognized:  .This atom will not scatter X-ray
 Warning: Atomic name not recognized:  .This atom will not scatter X-ray
 Warning: Atomic name not recognized:  .This atom will not scatter X-ray
 Warning: Atomic name not recognized:  .This atom will not scatter X-ray
 Warning: Atomic name not recognized:  .This atom will not scatter X-ray
 Warning: Atomic name not recognized:  .This atom will not scatter X-ray
 Warning: Atomic name not recognized:  .This atom will not scatter X-ray
 Warning: Atomic name not recognized:  .This atom will not scatter X-ray
 Warning: Atomic name not recognized:  .This atom will not scatter X-ray
 Warning: Atomic name not recognized:  .This atom will not scatter X-ray
 Warning: Atomic name not recognized:  .This atom will not scatter X-ray
 Warning: Atomic name not recognized:  .This atom will not scatter X-ray
 Warning: Atomic name not recognized:  .This atom will not scatter X-ray
 Warning: Atomic name not recognized:  .This atom will not scatter X-ray
 Warning: Atomic name not recognized:  .This atom will not scatter X-ray
 Warning: Atomic name not recognized:  .This atom will not scatter X-ray
 Warning: Atomic name not recognized:  .This atom will not scatter X-ray
 Warning: Atomic name not recognized:  .This atom will not scatter X-ray
 Warning: Atomic name not recognized:  .This atom will not scatter X-ray
 Warning: Atomic name not recognized:  .This atom will not scatter X-ray
 Warning: Atomic name not recognized:  .This atom will not scatter X-ray
 Warning: Atomic name not recognized:  .This atom will not scatter X-ray
 Warning: Atomic name not recognized:  .This atom will not scatter X-ray
 Warning: Atomic name not recognized:  .This atom will not scatter X-ray
 Warning: Atomic name not recognized:  .This atom will not scatter X-ray
 Warning: Atomic name not recognized:  .This atom will not scatter X-ray
 Warning: Atomic name not recognized:  .This atom will not scatter X-ray
 Warning: Atomic name not recognized:  .This atom will not scatter X-ray
 Warning: Atomic name not recognized:  .This atom will not scatter X-ray
 Warning: Atomic name not recognized:  .This atom will not scatter X-ray
 Warning: Atomic name not recognized:  .This atom will not scatter X-ray
 Warning: Atomic name not recognized:  .This atom will not scatter X-ray
 Warning: Atomic name not recognized:  .This atom will not scatter X-ray
 Warning: Atomic name not recognized:  .This atom will not scatter X-ray
 Warning: Atomic name not recognized:  .This atom will not scatter X-ray
 Warning: Atomic name not recognized:  .This atom will not scatter X-ray
 Warning: Atomic name not recognized:  .This atom will not scatter X-ray
 Warning: Atomic name not recognized:  .This atom will not scatter X-ray
 Warning: Atomic name not recognized:  .This atom will not scatter X-ray
 Warning: Atomic name not recognized:  .This atom will not scatter X-ray
 Warning: Atomic name not recognized:  .This atom will not scatter X-ray
 Warning: Atomic name not recognized:  .This atom will not scatter X-ray
 Warning: Atomic name not recognized:  .This atom will not scatter X-ray
 Warning: Atomic name not recognized:  .This atom will not scatter X-ray
 Warning: Atomic name not recognized:  .This atom will not scatter X-ray
 Warning: Atomic name not recognized:  .This atom will not scatter X-ray
 Warning: Atomic name not recognized:  .This atom will not scatter X-ray
 Warning: Atomic name not recognized:  .This atom will not scatter X-ray
 Warning: Atomic name not recognized:  .This atom will not scatter X-ray
 Warning: Atomic name not recognized:  .This atom will not scatter X-ray
 Warning: Atomic name not recognized:  .This atom will not scatter X-ray
 Warning: Atomic name not recognized:  .This atom will not scatter X-ray
 Warning: Atomic name not recognized:  .This atom will not scatter X-ray
 Warning: Atomic name not recognized:  .This atom will not scatter X-ray
 Warning: Atomic name not recognized:  .This atom will not scatter X-ray
 Warning: Atomic name not recognized:  .This atom will not scatter X-ray
 Warning: Atomic name not recognized:  .This atom will not scatter X-ray
 Warning: Atomic name not recognized:  .This atom will not scatter X-ray
 Warning: Atomic name not recognized:  .This atom will not scatter X-ray
 Warning: Atomic name not recognized:  .This atom will not scatter X-ray
 Warning: Atomic name not recognized:  .This atom will not scatter X-ray
 Warning: Atomic name not recognized:  .This atom will not scatter X-ray
 Warning: Atomic name not recognized:  .This atom will not scatter X-ray
 Warning: Atomic name not recognized:  .This atom will not scatter X-ray
 Warning: Atomic name not recognized:  .This atom will not scatter X-ray
 Warning: Atomic name not recognized:  .This atom will not scatter X-ray
 Warning: Atomic name not recognized:  .This atom will not scatter X-ray
 Warning: Atomic name not recognized:  .This atom will not scatter X-ray
 Warning: Atomic name not recognized:  .This atom will not scatter X-ray
 Warning: Atomic name not recognized:  .This atom will not scatter X-ray
 Warning: Atomic name not recognized:  .This atom will not scatter X-ray
 Warning: Atomic name not recognized:  .This atom will not scatter X-ray
 Warning: Atomic name not recognized:  .This atom will not scatter X-ray
 Warning: Atomic name not recognized:  .This atom will not scatter X-ray
 Warning: Atomic name not recognized:  .This atom will not scatter X-ray
 Warning: Atomic name not recognized:  .This atom will not scatter X-ray
 Warning: Atomic name not recognized:  .This atom will not scatter X-ray
 Warning: Atomic name not recognized:  .This atom will not scatter X-ray
 Warning: Atomic name not recognized:  .This atom will not scatter X-ray
 Warning: Atomic name not recognized:  .This atom will not scatter X-ray
 Warning: Atomic name not recognized:  .This atom will not scatter X-ray
 Warning: Atomic name not recognized:  .This atom will not scatter X-ray
 Warning: Atomic name not recognized:  .This atom will not scatter X-ray
 Warning: Atomic name not recognized:  .This atom will not scatter X-ray
 Warning: Atomic name not recognized:  .This atom will not scatter X-ray
 Warning: Atomic name not recognized:  .This atom will not scatter X-ray
 Warning: Atomic name not recognized:  .This atom will not scatter X-ray
 Warning: Atomic name not recognized:  .This atom will not scatter X-ray
 Warning: Atomic name not recognized:  .This atom will not scatter X-ray
 Warning: Atomic name not recognized:  .This atom will not scatter X-ray
 Warning: Atomic name not recognized:  .This atom will not scatter X-ray
 Warning: Atomic name not recognized:  .This atom will not scatter X-ray
 Warning: Atomic name not recognized:  .This atom will not scatter X-ray
 Warning: Atomic name not recognized:  .This atom will not scatter X-ray
 Warning: Atomic name not recognized:  .This atom will not scatter X-ray
 Warning: Atomic name not recognized:  .This atom will not scatter X-ray
 Warning: Atomic name not recognized:  .This atom will not scatter X-ray
 Warning: Atomic name not recognized:  .This atom will not scatter X-ray
 Warning: Atomic name not recognized:  .This atom will not scatter X-ray
 Warning: Atomic name not recognized:  .This atom will not scatter X-ray
 Warning: Atomic name not recognized:  .This atom will not scatter X-ray
 Warning: Atomic name not recognized:  .This atom will not scatter X-ray
 Warning: Atomic name not recognized:  .This atom will not scatter X-ray
 Warning: Atomic name not recognized:  .This atom will not scatter X-ray
 Warning: Atomic name not recognized:  .This atom will not scatter X-ray
 Warning: Atomic name not recognized:  .This atom will not scatter X-ray
 Warning: Atomic name not recognized:  .This atom will not scatter X-ray
 Warning: Atomic name not recognized:  .This atom will not scatter X-ray
 Warning: Atomic name not recognized:  .This atom will not scatter X-ray
 Warning: Atomic name not recognized:  .This atom will not scatter X-ray
 Warning: Atomic name not recognized:  .This atom will not scatter X-ray
 Warning: Atomic name not recognized:  .This atom will not scatter X-ray
 Warning: Atomic name not recognized:  .This atom will not scatter X-ray
 Warning: Atomic name not recognized:  .This atom will not scatter X-ray
 Warning: Atomic name not recognized:  .This atom will not scatter X-ray
 Warning: Atomic name not recognized:  .This atom will not scatter X-ray
 Warning: Atomic name not recognized:  .This atom will not scatter X-ray
 Warning: Atomic name not recognized:  .This atom will not scatter X-ray
 Warning: Atomic name not recognized:  .This atom will not scatter X-ray
 Warning: Atomic name not recognized:  .This atom will not scatter X-ray
 Warning: Atomic name not recognized:  .This atom will not scatter X-ray
 Warning: Atomic name not recognized:  .This atom will not scatter X-ray
 Warning: Atomic name not recognized:  .This atom will not scatter X-ray
 Warning: Atomic name not recognized:  .This atom will not scatter X-ray
 Warning: Atomic name not recognized:  .This atom will not scatter X-ray
 Warning: Atomic name not recognized:  .This atom will not scatter X-ray
 Warning: Atomic name not recognized:  .This atom will not scatter X-ray
 Warning: Atomic name not recognized:  .This atom will not scatter X-ray
 Warning: Atomic name not recognized:  .This atom will not scatter X-ray
 Warning: Atomic name not recognized:  .This atom will not scatter X-ray
 Warning: Atomic name not recognized:  .This atom will not scatter X-ray
 Warning: Atomic name not recognized:  .This atom will not scatter X-ray
 Warning: Atomic name not recognized:  .This atom will not scatter X-ray
 Warning: Atomic name not recognized:  .This atom will not scatter X-ray
 Warning: Atomic name not recognized:  .This atom will not scatter X-ray
 Warning: Atomic name not recognized:  .This atom will not scatter X-ray
 Warning: Atomic name not recognized:  .This atom will not scatter X-ray
 Warning: Atomic name not recognized:  .This atom will not scatter X-ray
 Warning: Atomic name not recognized:  .This atom will not scatter X-ray
 Warning: Atomic name not recognized:  .This atom will not scatter X-ray
 Warning: Atomic name not recognized:  .This atom will not scatter X-ray
 Warning: Atomic name not recognized:  .This atom will not scatter X-ray
 Warning: Atomic name not recognized:  .This atom will not scatter X-ray
 Warning: Atomic name not recognized:  .This atom will not scatter X-ray
 Warning: Atomic name not recognized:  .This atom will not scatter X-ray
 Warning: Atomic name not recognized:  .This atom will not scatter X-ray
 Warning: Atomic name not recognized:  .This atom will not scatter X-ray
 Warning: Atomic name not recognized:  .This atom will not scatter X-ray
 Warning: Atomic name not recognized:  .This atom will not scatter X-ray
 Warning: Atomic name not recognized:  .This atom will not scatter X-ray
 Warning: Atomic name not recognized:  .This atom will not scatter X-ray
 Warning: Atomic name not recognized:  .This atom will not scatter X-ray
 Warning: Atomic name not recognized:  .This atom will not scatter X-ray
 Warning: Atomic name not recognized:  .This atom will not scatter X-ray
 Warning: Atomic name not recognized:  .This atom will not scatter X-ray
 Warning: Atomic name not recognized:  .This atom will not scatter X-ray
 Warning: Atomic name not recognized:  .This atom will not scatter X-ray
 Warning: Atomic name not recognized:  .This atom will not scatter X-ray
 Warning: Atomic name not recognized:  .This atom will not scatter X-ray
 Warning: Atomic name not recognized:  .This atom will not scatter X-ray
 Warning: Atomic name not recognized:  .This atom will not scatter X-ray
 Warning: Atomic name not recognized:  .This atom will not scatter X-ray
 Warning: Atomic name not recognized:  .This atom will not scatter X-ray
 Warning: Atomic name not recognized:  .This atom will not scatter X-ray
 Warning: Atomic name not recognized:  .This atom will not scatter X-ray
 Warning: Atomic name not recognized:  .This atom will not scatter X-ray
 Warning: Atomic name not recognized:  .This atom will not scatter X-ray
 Warning: Atomic name not recognized:  .This atom will not scatter X-ray
 Warning: Atomic name not recognized:  .This atom will not scatter X-ray
 Warning: Atomic name not recognized:  .This atom will not scatter X-ray
 Warning: Atomic name not recognized:  .This atom will not scatter X-ray
 Warning: Atomic name not recognized:  .This atom will not scatter X-ray
 Warning: Atomic name not recognized:  .This atom will not scatter X-ray
 Warning: Atomic name not recognized:  .This atom will not scatter X-ray
 Warning: Atomic name not recognized:  .This atom will not scatter X-ray
 Warning: Atomic name not recognized:  .This atom will not scatter X-ray
 Warning: Atomic name not recognized:  .This atom will not scatter X-ray
 Warning: Atomic name not recognized:  .This atom will not scatter X-ray
 Warning: Atomic name not recognized:  .This atom will not scatter X-ray
 Warning: Atomic name not recognized:  .This atom will not scatter X-ray
 Warning: Atomic name not recognized:  .This atom will not scatter X-ray
 Warning: Atomic name not recognized:  .This atom will not scatter X-ray
 Warning: Atomic name not recognized:  .This atom will not scatter X-ray
 Warning: Atomic name not recognized:  .This atom will not scatter X-ray
 Warning: Atomic name not recognized:  .This atom will not scatter X-ray
 Warning: Atomic name not recognized:  .This atom will not scatter X-ray
 Warning: Atomic name not recognized:  .This atom will not scatter X-ray
 Warning: Atomic name not recognized:  .This atom will not scatter X-ray
 Warning: Atomic name not recognized:  .This atom will not scatter X-ray
 Warning: Atomic name not recognized:  .This atom will not scatter X-ray
 Warning: Atomic name not recognized:  .This atom will not scatter X-ray
 Warning: Atomic name not recognized:  .This atom will not scatter X-ray
 Warning: Atomic name not recognized:  .This atom will not scatter X-ray
 Warning: Atomic name not recognized:  .This atom will not scatter X-ray
 Warning: Atomic name not recognized:  .This atom will not scatter X-ray
 Warning: Atomic name not recognized:  .This atom will not scatter X-ray
 Warning: Atomic name not recognized:  .This atom will not scatter X-ray
 Warning: Atomic name not recognized:  .This atom will not scatter X-ray
 Warning: Atomic name not recognized:  .This atom will not scatter X-ray
 Warning: Atomic name not recognized:  .This atom will not scatter X-ray
 Warning: Atomic name not recognized:  .This atom will not scatter X-ray
 Warning: Atomic name not recognized:  .This atom will not scatter X-ray
 Warning: Atomic name not recognized:  .This atom will not scatter X-ray
 Warning: Atomic name not recognized:  .This atom will not scatter X-ray
 Warning: Atomic name not recognized:  .This atom will not scatter X-ray
 Warning: Atomic name not recognized:  .This atom will not scatter X-ray
 Warning: Atomic name not recognized:  .This atom will not scatter X-ray
 Warning: Atomic name not recognized:  .This atom will not scatter X-ray
 Warning: Atomic name not recognized:  .This atom will not scatter X-ray
 Warning: Atomic name not recognized:  .This atom will not scatter X-ray
 Warning: Atomic name not recognized:  .This atom will not scatter X-ray
 Warning: Atomic name not recognized:  .This atom will not scatter X-ray
 Warning: Atomic name not recognized:  .This atom will not scatter X-ray
 Warning: Atomic name not recognized:  .This atom will not scatter X-ray
 Warning: Atomic name not recognized:  .This atom will not scatter X-ray
 Warning: Atomic name not recognized:  .This atom will not scatter X-ray
 Warning: Atomic name not recognized:  .This atom will not scatter X-ray
 Warning: Atomic name not recognized:  .This atom will not scatter X-ray
 Warning: Atomic name not recognized:  .This atom will not scatter X-ray
 Warning: Atomic name not recognized:  .This atom will not scatter X-ray
 Warning: Atomic name not recognized:  .This atom will not scatter X-ray
 Warning: Atomic name not recognized:  .This atom will not scatter X-ray
 Warning: Atomic name not recognized:  .This atom will not scatter X-ray
 Warning: Atomic name not recognized:  .This atom will not scatter X-ray
 Warning: Atomic name not recognized:  .This atom will not scatter X-ray
 Warning: Atomic name not recognized:  .This atom will not scatter X-ray
 Warning: Atomic name not recognized:  .This atom will not scatter X-ray
 Warning: Atomic name not recognized:  .This atom will not scatter X-ray
 Warning: Atomic name not recognized:  .This atom will not scatter X-ray
 Warning: Atomic name not recognized:  .This atom will not scatter X-ray
 Warning: Atomic name not recognized:  .This atom will not scatter X-ray
 Warning: Atomic name not recognized:  .This atom will not scatter X-ray
 Warning: Atomic name not recognized:  .This atom will not scatter X-ray
 Warning: Atomic name not recognized:  .This atom will not scatter X-ray
 Warning: Atomic name not recognized:  .This atom will not scatter X-ray
 Warning: Atomic name not recognized:  .This atom will not scatter X-ray
 Warning: Atomic name not recognized:  .This atom will not scatter X-ray
 Warning: Atomic name not recognized:  .This atom will not scatter X-ray
 Warning: Atomic name not recognized:  .This atom will not scatter X-ray
 Warning: Atomic name not recognized:  .This atom will not scatter X-ray
 Warning: Atomic name not recognized:  .This atom will not scatter X-ray
 Warning: Atomic name not recognized:  .This atom will not scatter X-ray
 Warning: Atomic name not recognized:  .This atom will not scatter X-ray
 Warning: Atomic name not recognized:  .This atom will not scatter X-ray
 Warning: Atomic name not recognized:  .This atom will not scatter X-ray
 Warning: Atomic name not recognized:  .This atom will not scatter X-ray
 Warning: Atomic name not recognized:  .This atom will not scatter X-ray
 Warning: Atomic name not recognized:  .This atom will not scatter X-ray
 Warning: Atomic name not recognized:  .This atom will not scatter X-ray
 Warning: Atomic name not recognized:  .This atom will not scatter X-ray
 Warning: Atomic name not recognized:  .This atom will not scatter X-ray
 Warning: Atomic name not recognized:  .This atom will not scatter X-ray
 Warning: Atomic name not recognized:  .This atom will not scatter X-ray
 Warning: Atomic name not recognized:  .This atom will not scatter X-ray
 Warning: Atomic name not recognized:  .This atom will not scatter X-ray
 Warning: Atomic name not recognized:  .This atom will not scatter X-ray
 Warning: Atomic name not recognized:  .This atom will not scatter X-ray
 Warning: Atomic name not recognized:  .This atom will not scatter X-ray
 Warning: Atomic name not recognized:  .This atom will not scatter X-ray
 Warning: Atomic name not recognized:  .This atom will not scatter X-ray
 Warning: Atomic name not recognized:  .This atom will not scatter X-ray
 Warning: Atomic name not recognized:  .This atom will not scatter X-ray
 Warning: Atomic name not recognized:  .This atom will not scatter X-ray
 Warning: Atomic name not recognized:  .This atom will not scatter X-ray
 Warning: Atomic name not recognized:  .This atom will not scatter X-ray
 Warning: Atomic name not recognized:  .This atom will not scatter X-ray
 Warning: Atomic name not recognized:  .This atom will not scatter X-ray
 Warning: Atomic name not recognized:  .This atom will not scatter X-ray
 Warning: Atomic name not recognized:  .This atom will not scatter X-ray
 Warning: Atomic name not recognized:  .This atom will not scatter X-ray
 Warning: Atomic name not recognized:  .This atom will not scatter X-ray
 Warning: Atomic name not recognized:  .This atom will not scatter X-ray
 Warning: Atomic name not recognized:  .This atom will not scatter X-ray
 Warning: Atomic name not recognized:  .This atom will not scatter X-ray
 Warning: Atomic name not recognized:  .This atom will not scatter X-ray
 Warning: Atomic name not recognized:  .This atom will not scatter X-ray
 Warning: Atomic name not recognized:  .This atom will not scatter X-ray
 Warning: Atomic name not recognized:  .This atom will not scatter X-ray
 Warning: Atomic name not recognized:  .This atom will not scatter X-ray
 Warning: Atomic name not recognized:  .This atom will not scatter X-ray
 Warning: Atomic name not recognized:  .This atom will not scatter X-ray
 Warning: Atomic name not recognized:  .This atom will not scatter X-ray
 Warning: Atomic name not recognized:  .This atom will not scatter X-ray
 Warning: Atomic name not recognized:  .This atom will not scatter X-ray
 Warning: Atomic name not recognized:  .This atom will not scatter X-ray
 Warning: Atomic name not recognized:  .This atom will not scatter X-ray
 Warning: Atomic name not recognized:  .This atom will not scatter X-ray
 Warning: Atomic name not recognized:  .This atom will not scatter X-ray
 Warning: Atomic name not recognized:  .This atom will not scatter X-ray
 Warning: Atomic name not recognized:  .This atom will not scatter X-ray
 Warning: Atomic name not recognized:  .This atom will not scatter X-ray
 Warning: Atomic name not recognized:  .This atom will not scatter X-ray
 Warning: Atomic name not recognized:  .This atom will not scatter X-ray
 Warning: Atomic name not recognized:  .This atom will not scatter X-ray
 Warning: Atomic name not recognized:  .This atom will not scatter X-ray
 Warning: Atomic name not recognized:  .This atom will not scatter X-ray
 Warning: Atomic name not recognized:  .This atom will not scatter X-ray
 Warning: Atomic name not recognized:  .This atom will not scatter X-ray
 Warning: Atomic name not recognized:  .This atom will not scatter X-ray
 Warning: Atomic name not recognized:  .This atom will not scatter X-ray
 Warning: Atomic name not recognized:  .This atom will not scatter X-ray
 Warning: Atomic name not recognized:  .This atom will not scatter X-ray
 Warning: Atomic name not recognized:  .This atom will not scatter X-ray
 Warning: Atomic name not recognized:  .This atom will not scatter X-ray
 Warning: Atomic name not recognized:  .This atom will not scatter X-ray
 Warning: Atomic name not recognized:  .This atom will not scatter X-ray
 Warning: Atomic name not recognized:  .This atom will not scatter X-ray
 Warning: Atomic name not recognized:  .This atom will not scatter X-ray
 Warning: Atomic name not recognized:  .This atom will not scatter X-ray
 Warning: Atomic name not recognized:  .This atom will not scatter X-ray
 Warning: Atomic name not recognized:  .This atom will not scatter X-ray
 Warning: Atomic name not recognized:  .This atom will not scatter X-ray
 Warning: Atomic name not recognized:  .This atom will not scatter X-ray
 Warning: Atomic name not recognized:  .This atom will not scatter X-ray
 Warning: Atomic name not recognized:  .This atom will not scatter X-ray
 Warning: Atomic name not recognized:  .This atom will not scatter X-ray
 Warning: Atomic name not recognized:  .This atom will not scatter X-ray
 Warning: Atomic name not recognized:  .This atom will not scatter X-ray
 Warning: Atomic name not recognized:  .This atom will not scatter X-ray
 Warning: Atomic name not recognized:  .This atom will not scatter X-ray
 Warning: Atomic name not recognized:  .This atom will not scatter X-ray
 Warning: Atomic name not recognized:  .This atom will not scatter X-ray
 Warning: Atomic name not recognized:  .This atom will not scatter X-ray
 Warning: Atomic name not recognized:  .This atom will not scatter X-ray
 Warning: Atomic name not recognized:  .This atom will not scatter X-ray
 Warning: Atomic name not recognized:  .This atom will not scatter X-ray
 Warning: Atomic name not recognized:  .This atom will not scatter X-ray
 Warning: Atomic name not recognized:  .This atom will not scatter X-ray
 Warning: Atomic name not recognized:  .This atom will not scatter X-ray
 Warning: Atomic name not recognized:  .This atom will not scatter X-ray
 Warning: Atomic name not recognized:  .This atom will not scatter X-ray
 Warning: Atomic name not recognized:  .This atom will not scatter X-ray
 Warning: Atomic name not recognized:  .This atom will not scatter X-ray
 Warning: Atomic name not recognized:  .This atom will not scatter X-ray
 Warning: Atomic name not recognized:  .This atom will not scatter X-ray
 Warning: Atomic name not recognized:  .This atom will not scatter X-ray
 Warning: Atomic name not recognized:  .This atom will not scatter X-ray
 Warning: Atomic name not recognized:  .This atom will not scatter X-ray
 Warning: Atomic name not recognized:  .This atom will not scatter X-ray
 Warning: Atomic name not recognized:  .This atom will not scatter X-ray
 Warning: Atomic name not recognized:  .This atom will not scatter X-ray
 Warning: Atomic name not recognized:  .This atom will not scatter X-ray
 Warning: Atomic name not recognized:  .This atom will not scatter X-ray
 Warning: Atomic name not recognized:  .This atom will not scatter X-ray
 Warning: Atomic name not recognized:  .This atom will not scatter X-ray
 Warning: Atomic name not recognized:  .This atom will not scatter X-ray
 Warning: Atomic name not recognized:  .This atom will not scatter X-ray
 Warning: Atomic name not recognized:  .This atom will not scatter X-ray
 Warning: Atomic name not recognized:  .This atom will not scatter X-ray
 Warning: Atomic name not recognized:  .This atom will not scatter X-ray
 Warning: Atomic name not recognized:  .This atom will not scatter X-ray
 Warning: Atomic name not recognized:  .This atom will not scatter X-ray
 Warning: Atomic name not recognized:  .This atom will not scatter X-ray
 Warning: Atomic name not recognized:  .This atom will not scatter X-ray
 Warning: Atomic name not recognized:  .This atom will not scatter X-ray
 Warning: Atomic name not recognized:  .This atom will not scatter X-ray
 Warning: Atomic name not recognized:  .This atom will not scatter X-ray
 Warning: Atomic name not recognized:  .This atom will not scatter X-ray
 Warning: Atomic name not recognized:  .This atom will not scatter X-ray
 Warning: Atomic name not recognized:  .This atom will not scatter X-ray
 Warning: Atomic name not recognized:  .This atom will not scatter X-ray
 Warning: Atomic name not recognized:  .This atom will not scatter X-ray
 Warning: Atomic name not recognized:  .This atom will not scatter X-ray
 Warning: Atomic name not recognized:  .This atom will not scatter X-ray
 Warning: Atomic name not recognized:  .This atom will not scatter X-ray
 Warning: Atomic name not recognized:  .This atom will not scatter X-ray
 Warning: Atomic name not recognized:  .This atom will not scatter X-ray
 Warning: Atomic name not recognized:  .This atom will not scatter X-ray
 Warning: Atomic name not recognized:  .This atom will not scatter X-ray
 Warning: Atomic name not recognized:  .This atom will not scatter X-ray
 Warning: Atomic name not recognized:  .This atom will not scatter X-ray
 Warning: Atomic name not recognized:  .This atom will not scatter X-ray
 Warning: Atomic name not recognized:  .This atom will not scatter X-ray
 Warning: Atomic name not recognized:  .This atom will not scatter X-ray
 Warning: Atomic name not recognized:  .This atom will not scatter X-ray
 Warning: Atomic name not recognized:  .This atom will not scatter X-ray
 Warning: Atomic name not recognized:  .This atom will not scatter X-ray
 Warning: Atomic name not recognized:  .This atom will not scatter X-ray
 Warning: Atomic name not recognized:  .This atom will not scatter X-ray
 Warning: Atomic name not recognized:  .This atom will not scatter X-ray
 Warning: Atomic name not recognized:  .This atom will not scatter X-ray
 Warning: Atomic name not recognized:  .This atom will not scatter X-ray
 Warning: Atomic name not recognized:  .This atom will not scatter X-ray
 Warning: Atomic name not recognized:  .This atom will not scatter X-ray
 Warning: Atomic name not recognized:  .This atom will not scatter X-ray
 Warning: Atomic name not recognized:  .This atom will not scatter X-ray
 Warning: Atomic name not recognized:  .This atom will not scatter X-ray
 Warning: Atomic name not recognized:  .This atom will not scatter X-ray
 Warning: Atomic name not recognized:  .This atom will not scatter X-ray
 Warning: Atomic name not recognized:  .This atom will not scatter X-ray
 Warning: Atomic name not recognized:  .This atom will not scatter X-ray
 Warning: Atomic name not recognized:  .This atom will not scatter X-ray
 Warning: Atomic name not recognized:  .This atom will not scatter X-ray
 Warning: Atomic name not recognized:  .This atom will not scatter X-ray
 Warning: Atomic name not recognized:  .This atom will not scatter X-ray
 Warning: Atomic name not recognized:  .This atom will not scatter X-ray
 Warning: Atomic name not recognized:  .This atom will not scatter X-ray
 Warning: Atomic name not recognized:  .This atom will not scatter X-ray
 Warning: Atomic name not recognized:  .This atom will not scatter X-ray
 Warning: Atomic name not recognized:  .This atom will not scatter X-ray
 Warning: Atomic name not recognized:  .This atom will not scatter X-ray
 Warning: Atomic name not recognized:  .This atom will not scatter X-ray
 Warning: Atomic name not recognized:  .This atom will not scatter X-ray
 Warning: Atomic name not recognized:  .This atom will not scatter X-ray
 Warning: Atomic name not recognized:  .This atom will not scatter X-ray
 Warning: Atomic name not recognized:  .This atom will not scatter X-ray
 Warning: Atomic name not recognized:  .This atom will not scatter X-ray
 Warning: Atomic name not recognized:  .This atom will not scatter X-ray
 Warning: Atomic name not recognized:  .This atom will not scatter X-ray
 Warning: Atomic name not recognized:  .This atom will not scatter X-ray
 Warning: Atomic name not recognized:  .This atom will not scatter X-ray
 Warning: Atomic name not recognized:  .This atom will not scatter X-ray
 Warning: Atomic name not recognized:  .This atom will not scatter X-ray
 Warning: Atomic name not recognized:  .This atom will not scatter X-ray
 Warning: Atomic name not recognized:  .This atom will not scatter X-ray
 Warning: Atomic name not recognized:  .This atom will not scatter X-ray
 Warning: Atomic name not recognized:  .This atom will not scatter X-ray
 Warning: Atomic name not recognized:  .This atom will not scatter X-ray
 Warning: Atomic name not recognized:  .This atom will not scatter X-ray
 Warning: Atomic name not recognized:  .This atom will not scatter X-ray
 Warning: Atomic name not recognized:  .This atom will not scatter X-ray
 Warning: Atomic name not recognized:  .This atom will not scatter X-ray
 Warning: Atomic name not recognized:  .This atom will not scatter X-ray
 Warning: Atomic name not recognized:  .This atom will not scatter X-ray
 Warning: Atomic name not recognized:  .This atom will not scatter X-ray
 Warning: Atomic name not recognized:  .This atom will not scatter X-ray
 Warning: Atomic name not recognized:  .This atom will not scatter X-ray
 Warning: Atomic name not recognized:  .This atom will not scatter X-ray
 Warning: Atomic name not recognized:  .This atom will not scatter X-ray
 Warning: Atomic name not recognized:  .This atom will not scatter X-ray
 Warning: Atomic name not recognized:  .This atom will not scatter X-ray
 Warning: Atomic name not recognized:  .This atom will not scatter X-ray
 Warning: Atomic name not recognized:  .This atom will not scatter X-ray
 Warning: Atomic name not recognized:  .This atom will not scatter X-ray
 Warning: Atomic name not recognized:  .This atom will not scatter X-ray
 Warning: Atomic name not recognized:  .This atom will not scatter X-ray
 Warning: Atomic name not recognized:  .This atom will not scatter X-ray
 Warning: Atomic name not recognized:  .This atom will not scatter X-ray
 Warning: Atomic name not recognized:  .This atom will not scatter X-ray
 Warning: Atomic name not recognized:  .This atom will not scatter X-ray
 Warning: Atomic name not recognized:  .This atom will not scatter X-ray
 Warning: Atomic name not recognized:  .This atom will not scatter X-ray
 Warning: Atomic name not recognized:  .This atom will not scatter X-ray
 Warning: Atomic name not recognized:  .This atom will not scatter X-ray
 Warning: Atomic name not recognized:  .This atom will not scatter X-ray
 Warning: Atomic name not recognized:  .This atom will not scatter X-ray
 Warning: Atomic name not recognized:  .This atom will not scatter X-ray
 Warning: Atomic name not recognized:  .This atom will not scatter X-ray
 Warning: Atomic name not recognized:  .This atom will not scatter X-ray
 Warning: Atomic name not recognized:  .This atom will not scatter X-ray
 Warning: Atomic name not recognized:  .This atom will not scatter X-ray
 Warning: Atomic name not recognized:  .This atom will not scatter X-ray
 Warning: Atomic name not recognized:  .This atom will not scatter X-ray
 Warning: Atomic name not recognized:  .This atom will not scatter X-ray
 Warning: Atomic name not recognized:  .This atom will not scatter X-ray
 Warning: Atomic name not recognized:  .This atom will not scatter X-ray
 Warning: Atomic name not recognized:  .This atom will not scatter X-ray
 Warning: Atomic name not recognized:  .This atom will not scatter X-ray
 Warning: Atomic name not recognized:  .This atom will not scatter X-ray
 Warning: Atomic name not recognized:  .This atom will not scatter X-ray
 Warning: Atomic name not recognized:  .This atom will not scatter X-ray
 Warning: Atomic name not recognized:  .This atom will not scatter X-ray
 Warning: Atomic name not recognized:  .This atom will not scatter X-ray
 Warning: Atomic name not recognized:  .This atom will not scatter X-ray
 Warning: Atomic name not recognized:  .This atom will not scatter X-ray
 Warning: Atomic name not recognized:  .This atom will not scatter X-ray
 Warning: Atomic name not recognized:  .This atom will not scatter X-ray
 Warning: Atomic name not recognized:  .This atom will not scatter X-ray
 Warning: Atomic name not recognized:  .This atom will not scatter X-ray
 Warning: Atomic name not recognized:  .This atom will not scatter X-ray
 Warning: Atomic name not recognized:  .This atom will not scatter X-ray
 Warning: Atomic name not recognized:  .This atom will not scatter X-ray
 Warning: Atomic name not recognized:  .This atom will not scatter X-ray
 Warning: Atomic name not recognized:  .This atom will not scatter X-ray
 Warning: Atomic name not recognized:  .This atom will not scatter X-ray
 Warning: Atomic name not recognized:  .This atom will not scatter X-ray
 Warning: Atomic name not recognized:  .This atom will not scatter X-ray
 Warning: Atomic name not recognized:  .This atom will not scatter X-ray
 Warning: Atomic name not recognized:  .This atom will not scatter X-ray
 Warning: Atomic name not recognized:  .This atom will not scatter X-ray
 Warning: Atomic name not recognized:  .This atom will not scatter X-ray
 Warning: Atomic name not recognized:  .This atom will not scatter X-ray
 Warning: Atomic name not recognized:  .This atom will not scatter X-ray
 Warning: Atomic name not recognized:  .This atom will not scatter X-ray
 Warning: Atomic name not recognized:  .This atom will not scatter X-ray
 Warning: Atomic name not recognized:  .This atom will not scatter X-ray
 Warning: Atomic name not recognized:  .This atom will not scatter X-ray
 Warning: Atomic name not recognized:  .This atom will not scatter X-ray
 Warning: Atomic name not recognized:  .This atom will not scatter X-ray
 Warning: Atomic name not recognized:  .This atom will not scatter X-ray
 Warning: Atomic name not recognized:  .This atom will not scatter X-ray
 Warning: Atomic name not recognized:  .This atom will not scatter X-ray
 Warning: Atomic name not recognized:  .This atom will not scatter X-ray
 Warning: Atomic name not recognized:  .This atom will not scatter X-ray
 Warning: Atomic name not recognized:  .This atom will not scatter X-ray
 Warning: Atomic name not recognized:  .This atom will not scatter X-ray
 Warning: Atomic name not recognized:  .This atom will not scatter X-ray
 Warning: Atomic name not recognized:  .This atom will not scatter X-ray
 Warning: Atomic name not recognized:  .This atom will not scatter X-ray
 Warning: Atomic name not recognized:  .This atom will not scatter X-ray
 Warning: Atomic name not recognized:  .This atom will not scatter X-ray
 Warning: Atomic name not recognized:  .This atom will not scatter X-ray
 Warning: Atomic name not recognized:  .This atom will not scatter X-ray
 Warning: Atomic name not recognized:  .This atom will not scatter X-ray
 Warning: Atomic name not recognized:  .This atom will not scatter X-ray
 Warning: Atomic name not recognized:  .This atom will not scatter X-ray
 Warning: Atomic name not recognized:  .This atom will not scatter X-ray
 Warning: Atomic name not recognized:  .This atom will not scatter X-ray
 Warning: Atomic name not recognized:  .This atom will not scatter X-ray
 Warning: Atomic name not recognized:  .This atom will not scatter X-ray
 Warning: Atomic name not recognized:  .This atom will not scatter X-ray
 Warning: Atomic name not recognized:  .This atom will not scatter X-ray
 Warning: Atomic name not recognized:  .This atom will not scatter X-ray
 Warning: Atomic name not recognized:  .This atom will not scatter X-ray
 Warning: Atomic name not recognized:  .This atom will not scatter X-ray
 Warning: Atomic name not recognized:  .This atom will not scatter X-ray
 Warning: Atomic name not recognized:  .This atom will not scatter X-ray
 Warning: Atomic name not recognized:  .This atom will not scatter X-ray
 Warning: Atomic name not recognized:  .This atom will not scatter X-ray
 Warning: Atomic name not recognized:  .This atom will not scatter X-ray
 Warning: Atomic name not recognized:  .This atom will not scatter X-ray
 Warning: Atomic name not recognized:  .This atom will not scatter X-ray
 Warning: Atomic name not recognized:  .This atom will not scatter X-ray
 Warning: Atomic name not recognized:  .This atom will not scatter X-ray
 Warning: Atomic name not recognized:  .This atom will not scatter X-ray
 Warning: Atomic name not recognized:  .This atom will not scatter X-ray
 Warning: Atomic name not recognized:  .This atom will not scatter X-ray
 Warning: Atomic name not recognized:  .This atom will not scatter X-ray
 Warning: Atomic name not recognized:  .This atom will not scatter X-ray
 Warning: Atomic name not recognized:  .This atom will not scatter X-ray
 Warning: Atomic name not recognized:  .This atom will not scatter X-ray
 Warning: Atomic name not recognized:  .This atom will not scatter X-ray
 Warning: Atomic name not recognized:  .This atom will not scatter X-ray
 Warning: Atomic name not recognized:  .This atom will not scatter X-ray
 Warning: Atomic name not recognized:  .This atom will not scatter X-ray
 Warning: Atomic name not recognized:  .This atom will not scatter X-ray
 Warning: Atomic name not recognized:  .This atom will not scatter X-ray
 Warning: Atomic name not recognized:  .This atom will not scatter X-ray
 Warning: Atomic name not recognized:  .This atom will not scatter X-ray
 Warning: Atomic name not recognized:  .This atom will not scatter X-ray
 Warning: Atomic name not recognized:  .This atom will not scatter X-ray
 Warning: Atomic name not recognized:  .This atom will not scatter X-ray
 Warning: Atomic name not recognized:  .This atom will not scatter X-ray
 Warning: Atomic name not recognized:  .This atom will not scatter X-ray
 Warning: Atomic name not recognized:  .This atom will not scatter X-ray
 Warning: Atomic name not recognized:  .This atom will not scatter X-ray
 Warning: Atomic name not recognized:  .This atom will not scatter X-ray
 Warning: Atomic name not recognized:  .This atom will not scatter X-ray
 Warning: Atomic name not recognized:  .This atom will not scatter X-ray
 Warning: Atomic name not recognized:  .This atom will not scatter X-ray
 Warning: Atomic name not recognized:  .This atom will not scatter X-ray
 Warning: Atomic name not recognized:  .This atom will not scatter X-ray
 Warning: Atomic name not recognized:  .This atom will not scatter X-ray
 Warning: Atomic name not recognized:  .This atom will not scatter X-ray
 Warning: Atomic name not recognized:  .This atom will not scatter X-ray
 Warning: Atomic name not recognized:  .This atom will not scatter X-ray
 Warning: Atomic name not recognized:  .This atom will not scatter X-ray
 Warning: Atomic name not recognized:  .This atom will not scatter X-ray
 Warning: Atomic name not recognized:  .This atom will not scatter X-ray
 Warning: Atomic name not recognized:  .This atom will not scatter X-ray
 Warning: Atomic name not recognized:  .This atom will not scatter X-ray
 Warning: Atomic name not recognized:  .This atom will not scatter X-ray
 Warning: Atomic name not recognized:  .This atom will not scatter X-ray
 Warning: Atomic name not recognized:  .This atom will not scatter X-ray
 Warning: Atomic name not recognized:  .This atom will not scatter X-ray
 Warning: Atomic name not recognized:  .This atom will not scatter X-ray
 Warning: Atomic name not recognized:  .This atom will not scatter X-ray
 Warning: Atomic name not recognized:  .This atom will not scatter X-ray
 Warning: Atomic name not recognized:  .This atom will not scatter X-ray
 Warning: Atomic name not recognized:  .This atom will not scatter X-ray
 Warning: Atomic name not recognized:  .This atom will not scatter X-ray
 Warning: Atomic name not recognized:  .This atom will not scatter X-ray
 Warning: Atomic name not recognized:  .This atom will not scatter X-ray
 Warning: Atomic name not recognized:  .This atom will not scatter X-ray
 Warning: Atomic name not recognized:  .This atom will not scatter X-ray
 Warning: Atomic name not recognized:  .This atom will not scatter X-ray
 Warning: Atomic name not recognized:  .This atom will not scatter X-ray
 Warning: Atomic name not recognized:  .This atom will not scatter X-ray
 Warning: Atomic name not recognized:  .This atom will not scatter X-ray
 Warning: Atomic name not recognized:  .This atom will not scatter X-ray
 Warning: Atomic name not recognized:  .This atom will not scatter X-ray
 Warning: Atomic name not recognized:  .This atom will not scatter X-ray
 Warning: Atomic name not recognized:  .This atom will not scatter X-ray
 Warning: Atomic name not recognized:  .This atom will not scatter X-ray
 Warning: Atomic name not recognized:  .This atom will not scatter X-ray
 Warning: Atomic name not recognized:  .This atom will not scatter X-ray
 Warning: Atomic name not recognized:  .This atom will not scatter X-ray
 Warning: Atomic name not recognized:  .This atom will not scatter X-ray
 Warning: Atomic name not recognized:  .This atom will not scatter X-ray
 Warning: Atomic name not recognized:  .This atom will not scatter X-ray
 Warning: Atomic name not recognized:  .This atom will not scatter X-ray
 Warning: Atomic name not recognized:  .This atom will not scatter X-ray
 Warning: Atomic name not recognized:  .This atom will not scatter X-ray
 Warning: Atomic name not recognized:  .This atom will not scatter X-ray
 Warning: Atomic name not recognized:  .This atom will not scatter X-ray
 Warning: Atomic name not recognized:  .This atom will not scatter X-ray
 Warning: Atomic name not recognized:  .This atom will not scatter X-ray
 Warning: Atomic name not recognized:  .This atom will not scatter X-ray
 Warning: Atomic name not recognized:  .This atom will not scatter X-ray
 Warning: Atomic name not recognized:  .This atom will not scatter X-ray
 Warning: Atomic name not recognized:  .This atom will not scatter X-ray
 Warning: Atomic name not recognized:  .This atom will not scatter X-ray
 Warning: Atomic name not recognized:  .This atom will not scatter X-ray
 Warning: Atomic name not recognized:  .This atom will not scatter X-ray
 Warning: Atomic name not recognized:  .This atom will not scatter X-ray
 Warning: Atomic name not recognized:  .This atom will not scatter X-ray
 Warning: Atomic name not recognized:  .This atom will not scatter X-ray
 Warning: Atomic name not recognized:  .This atom will not scatter X-ray
 Warning: Atomic name not recognized:  .This atom will not scatter X-ray
 Warning: Atomic name not recognized:  .This atom will not scatter X-ray
 Warning: Atomic name not recognized:  .This atom will not scatter X-ray
 Warning: Atomic name not recognized:  .This atom will not scatter X-ray
 Warning: Atomic name not recognized:  .This atom will not scatter X-ray
 Warning: Atomic name not recognized:  .This atom will not scatter X-ray
 Warning: Atomic name not recognized:  .This atom will not scatter X-ray
 Warning: Atomic name not recognized:  .This atom will not scatter X-ray
 Warning: Atomic name not recognized:  .This atom will not scatter X-ray
 Warning: Atomic name not recognized:  .This atom will not scatter X-ray
 Warning: Atomic name not recognized:  .This atom will not scatter X-ray
 Warning: Atomic name not recognized:  .This atom will not scatter X-ray
 Warning: Atomic name not recognized:  .This atom will not scatter X-ray
 Warning: Atomic name not recognized:  .This atom will not scatter X-ray
 Warning: Atomic name not recognized:  .This atom will not scatter X-ray
 Warning: Atomic name not recognized:  .This atom will not scatter X-ray
 Warning: Atomic name not recognized:  .This atom will not scatter X-ray
 Warning: Atomic name not recognized:  .This atom will not scatter X-ray
 Warning: Atomic name not recognized:  .This atom will not scatter X-ray
 Warning: Atomic name not recognized:  .This atom will not scatter X-ray
 Warning: Atomic name not recognized:  .This atom will not scatter X-ray
 Warning: Atomic name not recognized:  .This atom will not scatter X-ray
 Warning: Atomic name not recognized:  .This atom will not scatter X-ray
 Warning: Atomic name not recognized:  .This atom will not scatter X-ray
 Warning: Atomic name not recognized:  .This atom will not scatter X-ray
 Warning: Atomic name not recognized:  .This atom will not scatter X-ray
 Warning: Atomic name not recognized:  .This atom will not scatter X-ray
 Warning: Atomic name not recognized:  .This atom will not scatter X-ray
 Warning: Atomic name not recognized:  .This atom will not scatter X-ray
 Warning: Atomic name not recognized:  .This atom will not scatter X-ray
 Warning: Atomic name not recognized:  .This atom will not scatter X-ray
 Warning: Atomic name not recognized:  .This atom will not scatter X-ray
 Warning: Atomic name not recognized:  .This atom will not scatter X-ray
 Warning: Atomic name not recognized:  .This atom will not scatter X-ray
 Warning: Atomic name not recognized:  .This atom will not scatter X-ray
 Warning: Atomic name not recognized:  .This atom will not scatter X-ray
 Warning: Atomic name not recognized:  .This atom will not scatter X-ray
 Warning: Atomic name not recognized:  .This atom will not scatter X-ray
 Warning: Atomic name not recognized:  .This atom will not scatter X-ray
 Warning: Atomic name not recognized:  .This atom will not scatter X-ray
 Warning: Atomic name not recognized:  .This atom will not scatter X-ray
 Warning: Atomic name not recognized:  .This atom will not scatter X-ray
 Warning: Atomic name not recognized:  .This atom will not scatter X-ray
 Warning: Atomic name not recognized:  .This atom will not scatter X-ray
 Warning: Atomic name not recognized:  .This atom will not scatter X-ray
 Warning: Atomic name not recognized:  .This atom will not scatter X-ray
 Warning: Atomic name not recognized:  .This atom will not scatter X-ray
 Warning: Atomic name not recognized:  .This atom will not scatter X-ray
 Warning: Atomic name not recognized:  .This atom will not scatter X-ray
 Warning: Atomic name not recognized:  .This atom will not scatter X-ray
 Warning: Atomic name not recognized:  .This atom will not scatter X-ray

     k points coordinates (2 pi / alat)
gG      0.00000000     0.00000000     0.00000000   30
X       0.00000000     0.50000000     0.00000000   30
M       0.50000000     0.50000000     0.00000000   45
gG      0.00000000     0.00000000     0.00000000   50
R       0.50000000     0.50000000     0.50000000   45
X       0.00000000     0.50000000     0.00000000    0
R       0.50000000     0.50000000     0.50000000   30
M       0.50000000     0.50000000     0.00000000    1

     Input path: 
    8
gG       30
X        30
M        45
gG       50
R        45
X         0
R        30
M         1


     Times for scf pw.x

     Times for non scf pw.x

     Times for ph.x 
 laxlib_end: laxlib was not initialized 

     THERMO_PW    :      0.29s CPU      0.33s WALL


   This run was terminated on:  18:45:17   5May2025            

=------------------------------------------------------------------------------=
   JOB DONE.
=------------------------------------------------------------------------------=
